<html>
<body>
<pre>
<h1>Vision Build Log</h1>
<h2>Project:</h2>
E:\51单片机实验\蜂鸣器模块\音乐播放器\template.uvproj
Project File Date:  11/05/2017

<h2>Output:</h2>
Build target 'Target 1'
compiling main.c...
linking...
Program Size: data=66.0 xdata=0 code=2441
creating hex file from "template"...
"template" - 0 Error(s), 0 Warning(s).
Build target 'Target 1'
linking...
Program Size: data=66.0 xdata=0 code=2441
creating hex file from "template"...
"template" - 0 Error(s), 0 Warning(s).
Build target 'Target 1'
compiling main.c...
MAIN.C(57): warning C276: constant in condition expression
MAIN.C(57): error C255: switch expression has illegal type
MAIN.C(59): error C220: illegal constant expression
MAIN.C(60): error C220: illegal constant expression
MAIN.C(61): error C220: illegal constant expression
Target not created
Build target 'Target 1'
compiling main.c...
MAIN.C(57): error C141: syntax error near 'u8'
Target not created
Build target 'Target 1'
compiling main.c...
MAIN.C(57): warning C276: constant in condition expression
MAIN.C(57): error C255: switch expression has illegal type
MAIN.C(59): error C220: illegal constant expression
MAIN.C(60): error C220: illegal constant expression
MAIN.C(61): error C220: illegal constant expression
Target not created
Build target 'Target 1'
compiling main.c...
MAIN.C(57): error C141: syntax error near 'u8'
Target not created
Build target 'Target 1'
compiling main.c...
MAIN.C(51): warning C291: not every exit path returns a value
linking...
Program Size: data=66.0 xdata=0 code=2466
creating hex file from "template"...
"template" - 0 Error(s), 1 Warning(s).
Build target 'Target 1'
compiling main.c...
MAIN.C(51): warning C291: not every exit path returns a value
linking...
Program Size: data=66.0 xdata=0 code=2466
creating hex file from "template"...
"template" - 0 Error(s), 1 Warning(s).
Build target 'Target 1'
compiling main.c...
MAIN.C(51): warning C291: not every exit path returns a value
linking...
Program Size: data=66.0 xdata=0 code=2466
creating hex file from "template"...
"template" - 0 Error(s), 1 Warning(s).
Build target 'Target 1'
compiling main.c...
MAIN.C(51): warning C291: not every exit path returns a value
linking...
Program Size: data=66.0 xdata=0 code=2467
creating hex file from "template"...
"template" - 0 Error(s), 1 Warning(s).
Build target 'Target 1'
compiling main.c...
MAIN.C(58): error C202: 'KEY_PROS': undefined identifier
Target not created
Build target 'Target 1'
compiling main.c...
MAIN.C(51): warning C291: not every exit path returns a value
linking...
Program Size: data=66.0 xdata=0 code=2467
creating hex file from "template"...
"template" - 0 Error(s), 1 Warning(s).
Build target 'Target 1'
linking...
Program Size: data=66.0 xdata=0 code=2467
creating hex file from "template"...
"template" - 0 Error(s), 0 Warning(s).
Build target 'Target 1'
linking...
Program Size: data=66.0 xdata=0 code=2467
creating hex file from "template"...
"template" - 0 Error(s), 0 Warning(s).
Build target 'Target 1'
compiling main.c...
MAIN.C(55): warning C291: not every exit path returns a value
linking...
Program Size: data=66.0 xdata=0 code=2479
creating hex file from "template"...
"template" - 0 Error(s), 1 Warning(s).
Build target 'Target 1'
linking...
Program Size: data=66.0 xdata=0 code=2479
creating hex file from "template"...
"template" - 0 Error(s), 0 Warning(s).
Build target 'Target 1'
linking...
Program Size: data=66.0 xdata=0 code=2479
creating hex file from "template"...
"template" - 0 Error(s), 0 Warning(s).
Build target 'Target 1'
compiling main.c...
MAIN.C(30): error C141: syntax error near '}'
MAIN.C(48): error C141: syntax error near '}'
Target not created
Build target 'Target 1'
compiling main.c...
linking...
Program Size: data=66.0 xdata=0 code=2445
creating hex file from "template"...
"template" - 0 Error(s), 0 Warning(s).
Build target 'Target 1'
compiling main.c...
linking...
Program Size: data=66.0 xdata=0 code=2445
creating hex file from "template"...
"template" - 0 Error(s), 0 Warning(s).
Build target 'Target 1'
compiling main.c...
linking...
Program Size: data=66.0 xdata=0 code=2445
creating hex file from "template"...
"template" - 0 Error(s), 0 Warning(s).
Build target 'Target 1'
compiling main.c...
linking...
Program Size: data=66.0 xdata=0 code=2454
creating hex file from "template"...
"template" - 0 Error(s), 0 Warning(s).
Build target 'Target 1'
compiling main.c...
MAIN.C(47): error C202: 'reurn': undefined identifier
MAIN.C(47): error C141: syntax error near '3'
Target not created
Build target 'Target 1'
compiling main.c...
MAIN.C(51): warning C291: not every exit path returns a value
linking...
Program Size: data=66.0 xdata=0 code=2468
creating hex file from "template"...
"template" - 0 Error(s), 1 Warning(s).
Build target 'Target 1'
compiling main.c...
MAIN.C(51): warning C291: not every exit path returns a value
linking...
Program Size: data=66.0 xdata=0 code=2474
creating hex file from "template"...
"template" - 0 Error(s), 1 Warning(s).
Build target 'Target 1'
compiling main.c...
MAIN.C(51): warning C291: not every exit path returns a value
linking...
Program Size: data=66.0 xdata=0 code=2486
creating hex file from "template"...
"template" - 0 Error(s), 1 Warning(s).
Build target 'Target 1'
compiling main.c...
MAIN.C(65): error C141: syntax error near '}'
Target not created
Build target 'Target 1'
compiling main.c...
MAIN.C(51): warning C291: not every exit path returns a value
linking...
Program Size: data=66.0 xdata=0 code=2475
creating hex file from "template"...
"template" - 0 Error(s), 1 Warning(s).
Build target 'Target 1'
compiling main.c...
MAIN.C(51): warning C291: not every exit path returns a value
linking...
Program Size: data=66.0 xdata=0 code=2487
creating hex file from "template"...
"template" - 0 Error(s), 1 Warning(s).
Build target 'Target 1'
compiling main.c...
MAIN.C(51): warning C291: not every exit path returns a value
linking...
Program Size: data=66.0 xdata=0 code=2487
creating hex file from "template"...
"template" - 0 Error(s), 1 Warning(s).
Build target 'Target 1'
compiling main.c...
MAIN.C(51): warning C291: not every exit path returns a value
linking...
Program Size: data=66.0 xdata=0 code=2483
creating hex file from "template"...
"template" - 0 Error(s), 1 Warning(s).
Build target 'Target 1'
compiling main.c...
MAIN.C(51): warning C291: not every exit path returns a value
linking...
Program Size: data=66.0 xdata=0 code=2478
creating hex file from "template"...
"template" - 0 Error(s), 1 Warning(s).
Build target 'Target 1'
compiling main.c...
MAIN.C(51): warning C291: not every exit path returns a value
linking...
Program Size: data=66.0 xdata=0 code=2468
creating hex file from "template"...
"template" - 0 Error(s), 1 Warning(s).
